<?xml version="1.0" encoding="UTF-8"?>
<testsuite name="com.nick.cancan.service.QueryBuilderServiceTest" tests="1" skipped="0" failures="0" errors="0" timestamp="2019-04-12T23:26:55" hostname="DESKTOP-OBDJANO" time="0.0">
  <properties/>
  <testcase name="createQueryTest" classname="com.nick.cancan.service.QueryBuilderServiceTest" time="0.0"/>
  <system-out><![CDATA[]]></system-out>
  <system-err><![CDATA[]]></system-err>
</testsuite>
